<?xml version="1.0" encoding="UTF-8"?>
<!-- Generated by org.testng.reporters.JUnitReportReporter -->
<testsuite hostname="Sayantans-MacBook-Pro-3.local" failures="0" tests="3" name="com.browserstack.BStackDemoTest" time="58.589" errors="0" timestamp="2024-07-31T22:20:24 PDT" skipped="0">
  <testcase classname="com.browserstack.BStackDemoTest" name="addProductToCart" time="25.937"/>
  <system-out/>
  <testcase classname="com.browserstack.BStackDemoTest" name="addProductToCart" time="15.564"/>
  <system-out/>
  <testcase classname="com.browserstack.BStackDemoTest" name="addProductToCart" time="17.088"/>
  <system-out/>
</testsuite> <!-- com.browserstack.BStackDemoTest -->
